[0213/002510.266:ERROR:process_reader_win.cc(242)] ReadMemory at 0x7ff7d0a50000 of 64 bytes failed: Only part of a ReadProcessMemory or WriteProcessMemory request was completed. (0x12B)
[0213/002511.368:WARNING:pe_image_reader.cc(302)] could not read dos header from C:\Program Files (x86)\Google\Chrome\Application\chrome.exe
[0213/002511.368:ERROR:process_reader_win.cc(242)] ReadMemory at 0x7ffaae4c0000 of 64 bytes failed: Only part of a ReadProcessMemory or WriteProcessMemory request was completed. (0x12B)
[0213/002511.368:WARNING:pe_image_reader.cc(302)] could not read dos header from C:\WINDOWS\SYSTEM32\ntdll.dll
[0213/002511.368:ERROR:process_reader_win.cc(242)] ReadMemory at 0x7ffaadd80000 of 64 bytes failed: Only part of a ReadProcessMemory or WriteProcessMemory request was completed. (0x12B)
[0213/002511.369:WARNING:pe_image_reader.cc(302)] could not read dos header from C:\WINDOWS\System32\KERNEL32.DLL
[0213/002511.369:ERROR:process_reader_win.cc(242)] ReadMemory at 0x7ffaac080000 of 64 bytes failed: Only part of a ReadProcessMemory or WriteProcessMemory request was completed. (0x12B)
[0213/002511.369:WARNING:pe_image_reader.cc(302)] could not read dos header from C:\WINDOWS\System32\KERNELBASE.dll
[0213/002511.369:ERROR:process_reader_win.cc(242)] ReadMemory at 0x7ffaa9140000 of 64 bytes failed: Only part of a ReadProcessMemory or WriteProcessMemory request was completed. (0x12B)
[0213/002511.369:WARNING:pe_image_reader.cc(302)] could not read dos header from C:\WINDOWS\SYSTEM32\apphelp.dll
[0213/002511.369:ERROR:process_reader_win.cc(242)] ReadMemory at 0x7ffaad610000 of 64 bytes failed: Only part of a ReadProcessMemory or WriteProcessMemory request was completed. (0x12B)
[0213/002511.369:WARNING:pe_image_reader.cc(302)] could not read dos header from C:\WINDOWS\System32\SHELL32.dll
[0213/002511.369:ERROR:process_reader_win.cc(242)] ReadMemory at 0x7ffaac470000 of 64 bytes failed: Only part of a ReadProcessMemory or WriteProcessMemory request was completed. (0x12B)
[0213/002511.369:WARNING:pe_image_reader.cc(302)] could not read dos header from C:\WINDOWS\System32\ucrtbase.dll
[0213/002511.369:ERROR:process_reader_win.cc(242)] ReadMemory at 0x7ffaab5c0000 of 64 bytes failed: Only part of a ReadProcessMemory or WriteProcessMemory request was completed. (0x12B)
[0213/002511.369:WARNING:pe_image_reader.cc(302)] could not read dos header from C:\WINDOWS\System32\cfgmgr32.dll
[0213/002511.369:ERROR:process_reader_win.cc(242)] ReadMemory at 0x7ffaad4c0000 of 64 bytes failed: Only part of a ReadProcessMemory or WriteProcessMemory request was completed. (0x12B)
[0213/002511.369:WARNING:pe_image_reader.cc(302)] could not read dos header from C:\WINDOWS\System32\shcore.dll
[0213/002511.369:ERROR:process_reader_win.cc(242)] ReadMemory at 0x7ffaad1b0000 of 64 bytes failed: Only part of a ReadProcessMemory or WriteProcessMemory request was completed. (0x12B)
[0213/002511.369:WARNING:pe_image_reader.cc(302)] could not read dos header from C:\WINDOWS\System32\msvcrt.dll
[0213/002511.369:ERROR:process_reader_win.cc(242)] ReadMemory at 0x7ffaae150000 of 64 bytes failed: Only part of a ReadProcessMemory or WriteProcessMemory request was completed. (0x12B)
[0213/002511.369:WARNING:pe_image_reader.cc(302)] could not read dos header from C:\WINDOWS\System32\RPCRT4.dll
[0213/002511.369:ERROR:process_reader_win.cc(242)] ReadMemory at 0x7ffaac7f0000 of 64 bytes failed: Only part of a ReadProcessMemory or WriteProcessMemory request was completed. (0x12B)
[0213/002511.369:WARNING:pe_image_reader.cc(302)] could not read dos header from C:\WINDOWS\System32\combase.dll
[0213/002511.369:ERROR:process_reader_win.cc(242)] ReadMemory at 0x7ffaac3e0000 of 64 bytes failed: Only part of a ReadProcessMemory or WriteProcessMemory request was completed. (0x12B)
[0213/002511.369:WARNING:pe_image_reader.cc(302)] could not read dos header from C:\WINDOWS\System32\bcryptPrimitives.dll
[0213/002511.369:ERROR:process_reader_win.cc(242)] ReadMemory at 0x7ffaab760000 of 64 bytes failed: Only part of a ReadProcessMemory or WriteProcessMemory request was completed. (0x12B)
[0213/002511.369:WARNING:pe_image_reader.cc(302)] could not read dos header from C:\WINDOWS\System32\windows.storage.dll
[0213/002511.369:ERROR:process_reader_win.cc(242)] ReadMemory at 0x7ffaab6c0000 of 64 bytes failed: Only part of a ReadProcessMemory or WriteProcessMemory request was completed. (0x12B)
[0213/002511.369:WARNING:pe_image_reader.cc(302)] could not read dos header from C:\WINDOWS\System32\msvcp_win.dll
[0213/002511.369:ERROR:process_reader_win.cc(242)] ReadMemory at 0x7ffaac750000 of 64 bytes failed: Only part of a ReadProcessMemory or WriteProcessMemory request was completed. (0x12B)
[0213/002511.369:WARNING:pe_image_reader.cc(302)] could not read dos header from C:\WINDOWS\System32\sechost.dll
[0213/002511.369:ERROR:process_reader_win.cc(242)] ReadMemory at 0x7ffaad100000 of 64 bytes failed: Only part of a ReadProcessMemory or WriteProcessMemory request was completed. (0x12B)
[0213/002511.369:WARNING:pe_image_reader.cc(302)] could not read dos header from C:\WINDOWS\System32\advapi32.dll
[0213/002511.369:ERROR:process_reader_win.cc(242)] ReadMemory at 0x7ffaab3a0000 of 64 bytes failed: Only part of a ReadProcessMemory or WriteProcessMemory request was completed. (0x12B)
[0213/002511.369:WARNING:pe_image_reader.cc(302)] could not read dos header from C:\WINDOWS\System32\profapi.dll
[0213/002511.369:ERROR:process_reader_win.cc(242)] ReadMemory at 0x7ffaab3f0000 of 64 bytes failed: Only part of a ReadProcessMemory or WriteProcessMemory request was completed. (0x12B)
[0213/002511.369:WARNING:pe_image_reader.cc(302)] could not read dos header from C:\WINDOWS\System32\powrprof.dll
[0213/002511.369:ERROR:process_reader_win.cc(242)] ReadMemory at 0x7ffaab370000 of 64 bytes failed: Only part of a ReadProcessMemory or WriteProcessMemory request was completed. (0x12B)
[0213/002511.369:WARNING:pe_image_reader.cc(302)] could not read dos header from C:\WINDOWS\System32\UMPDC.dll
[0213/002511.369:ERROR:process_reader_win.cc(242)] ReadMemory at 0x7ffaad5b0000 of 64 bytes failed: Only part of a ReadProcessMemory or WriteProcessMemory request was completed. (0x12B)
[0213/002511.369:WARNING:pe_image_reader.cc(302)] could not read dos header from C:\WINDOWS\System32\shlwapi.dll
[0213/002511.369:ERROR:process_reader_win.cc(242)] ReadMemory at 0x7ffaad580000 of 64 bytes failed: Only part of a ReadProcessMemory or WriteProcessMemory request was completed. (0x12B)
[0213/002511.369:WARNING:pe_image_reader.cc(302)] could not read dos header from C:\WINDOWS\System32\GDI32.dll
[0213/002511.369:ERROR:process_reader_win.cc(242)] ReadMemory at 0x7ffaab590000 of 64 bytes failed: Only part of a ReadProcessMemory or WriteProcessMemory request was completed. (0x12B)
[0213/002511.369:WARNING:pe_image_reader.cc(302)] could not read dos header from C:\WINDOWS\System32\win32u.dll
[0213/002511.373:ERROR:process_reader_win.cc(242)] ReadMemory at 0x7ffaabee0000 of 64 bytes failed: Only part of a ReadProcessMemory or WriteProcessMemory request was completed. (0x12B)
[0213/002511.373:WARNING:pe_image_reader.cc(302)] could not read dos header from C:\WINDOWS\System32\gdi32full.dll
[0213/002511.373:ERROR:process_reader_win.cc(242)] ReadMemory at 0x7ffaad320000 of 64 bytes failed: Only part of a ReadProcessMemory or WriteProcessMemory request was completed. (0x12B)
[0213/002511.373:WARNING:pe_image_reader.cc(302)] could not read dos header from C:\WINDOWS\System32\USER32.dll
[0213/002511.373:ERROR:process_reader_win.cc(242)] ReadMemory at 0x7ffaab380000 of 64 bytes failed: Only part of a ReadProcessMemory or WriteProcessMemory request was completed. (0x12B)
[0213/002511.373:WARNING:pe_image_reader.cc(302)] could not read dos header from C:\WINDOWS\System32\kernel.appcore.dll
[0213/002511.373:ERROR:process_reader_win.cc(242)] ReadMemory at 0x7ffaac330000 of 64 bytes failed: Only part of a ReadProcessMemory or WriteProcessMemory request was completed. (0x12B)
[0213/002511.373:WARNING:pe_image_reader.cc(302)] could not read dos header from C:\WINDOWS\System32\cryptsp.dll
[0213/002511.374:ERROR:process_reader_win.cc(242)] ReadMemory at 0x7ffaacb30000 of 64 bytes failed: Only part of a ReadProcessMemory or WriteProcessMemory request was completed. (0x12B)
[0213/002511.374:WARNING:pe_image_reader.cc(302)] could not read dos header from C:\WINDOWS\System32\PSAPI.DLL
[0213/002511.374:ERROR:process_reader_win.cc(242)] ReadMemory at 0x7ffa7a4e0000 of 64 bytes failed: Only part of a ReadProcessMemory or WriteProcessMemory request was completed. (0x12B)
[0213/002511.374:WARNING:pe_image_reader.cc(302)] could not read dos header from C:\Program Files (x86)\Google\Chrome\Application\70.0.3538.102\chrome_elf.dll
[0213/002511.374:ERROR:process_reader_win.cc(242)] ReadMemory at 0x7ffaa41c0000 of 64 bytes failed: Only part of a ReadProcessMemory or WriteProcessMemory request was completed. (0x12B)
[0213/002511.374:WARNING:pe_image_reader.cc(302)] could not read dos header from C:\WINDOWS\SYSTEM32\VERSION.dll
[0213/002511.374:ERROR:process_reader_win.cc(242)] ReadMemory at 0x7ffaa7c50000 of 64 bytes failed: Only part of a ReadProcessMemory or WriteProcessMemory request was completed. (0x12B)
[0213/002511.374:WARNING:pe_image_reader.cc(302)] could not read dos header from C:\WINDOWS\SYSTEM32\WINMM.dll
[0213/002511.374:ERROR:process_reader_win.cc(242)] ReadMemory at 0x7ffaab290000 of 64 bytes failed: Only part of a ReadProcessMemory or WriteProcessMemory request was completed. (0x12B)
[0213/002511.374:WARNING:pe_image_reader.cc(302)] could not read dos header from C:\WINDOWS\SYSTEM32\USERENV.dll
[0213/002511.374:ERROR:process_reader_win.cc(242)] ReadMemory at 0x7ffaa7c20000 of 64 bytes failed: Only part of a ReadProcessMemory or WriteProcessMemory request was completed. (0x12B)
[0213/002511.374:WARNING:pe_image_reader.cc(302)] could not read dos header from C:\WINDOWS\SYSTEM32\WINMMBASE.dll
[0213/002511.374:ERROR:process_reader_win.cc(242)] ReadMemory at 0x7ffaaad80000 of 64 bytes failed: Only part of a ReadProcessMemory or WriteProcessMemory request was completed. (0x12B)
[0213/002511.375:WARNING:pe_image_reader.cc(302)] could not read dos header from C:\WINDOWS\SYSTEM32\CRYPTBASE.DLL
[0213/002511.375:ERROR:process_reader_win.cc(242)] ReadMemory at 0x7ffaacb40000 of 64 bytes failed: Only part of a ReadProcessMemory or WriteProcessMemory request was completed. (0x12B)
[0213/002511.375:WARNING:pe_image_reader.cc(302)] could not read dos header from C:\WINDOWS\System32\IMM32.DLL
[0213/002511.375:ERROR:process_reader_win.cc(242)] ReadMemory at 0x7ffa54320000 of 64 bytes failed: Only part of a ReadProcessMemory or WriteProcessMemory request was completed. (0x12B)
[0213/002511.375:WARNING:pe_image_reader.cc(302)] could not read dos header from C:\Program Files (x86)\Google\Chrome\Application\70.0.3538.102\chrome_child.dll
[0213/002511.375:ERROR:process_reader_win.cc(242)] ReadMemory at 0x7ffaadec0000 of 64 bytes failed: Only part of a ReadProcessMemory or WriteProcessMemory request was completed. (0x12B)
[0213/002511.375:WARNING:pe_image_reader.cc(302)] could not read dos header from C:\WINDOWS\System32\WS2_32.dll
[0213/002511.375:ERROR:process_reader_win.cc(242)] ReadMemory at 0x7ffaac570000 of 64 bytes failed: Only part of a ReadProcessMemory or WriteProcessMemory request was completed. (0x12B)
[0213/002511.375:WARNING:pe_image_reader.cc(302)] could not read dos header from C:\WINDOWS\System32\ole32.dll
[0213/002511.375:ERROR:process_reader_win.cc(242)] ReadMemory at 0x7ffaad250000 of 64 bytes failed: Only part of a ReadProcessMemory or WriteProcessMemory request was completed. (0x12B)
[0213/002511.375:WARNING:pe_image_reader.cc(302)] could not read dos header from C:\WINDOWS\System32\OLEAUT32.dll
[0213/002511.375:ERROR:process_reader_win.cc(242)] ReadMemory at 0x7ffaac380000 of 64 bytes failed: Only part of a ReadProcessMemory or WriteProcessMemory request was completed. (0x12B)
[0213/002511.375:WARNING:pe_image_reader.cc(302)] could not read dos header from C:\WINDOWS\System32\WINTRUST.dll
[0213/002511.375:ERROR:process_reader_win.cc(242)] ReadMemory at 0x7ffaab3d0000 of 64 bytes failed: Only part of a ReadProcessMemory or WriteProcessMemory request was completed. (0x12B)
[0213/002511.375:WARNING:pe_image_reader.cc(302)] could not read dos header from C:\WINDOWS\System32\MSASN1.dll
[0213/002511.375:ERROR:process_reader_win.cc(242)] ReadMemory at 0x7ffaab440000 of 64 bytes failed: Only part of a ReadProcessMemory or WriteProcessMemory request was completed. (0x12B)
[0213/002511.375:WARNING:pe_image_reader.cc(302)] could not read dos header from C:\WINDOWS\System32\CRYPT32.dll
[0213/002511.375:ERROR:process_reader_win.cc(242)] ReadMemory at 0x7ffaae270000 of 64 bytes failed: Only part of a ReadProcessMemory or WriteProcessMemory request was completed. (0x12B)
[0213/002511.375:WARNING:pe_image_reader.cc(302)] could not read dos header from C:\WINDOWS\System32\COMDLG32.dll
[0213/002511.375:ERROR:process_reader_win.cc(242)] ReadMemory at 0x7ffaaa8c0000 of 64 bytes failed: Only part of a ReadProcessMemory or WriteProcessMemory request was completed. (0x12B)
[0213/002511.375:WARNING:pe_image_reader.cc(302)] could not read dos header from C:\WINDOWS\SYSTEM32\IPHLPAPI.DLL
[0213/002511.375:ERROR:process_reader_win.cc(242)] ReadMemory at 0x7ffa9ca90000 of 64 bytes failed: Only part of a ReadProcessMemory or WriteProcessMemory request was completed. (0x12B)
[0213/002511.375:WARNING:pe_image_reader.cc(302)] could not read dos header from C:\WINDOWS\SYSTEM32\msdmo.dll
[0213/002511.375:ERROR:process_reader_win.cc(242)] ReadMemory at 0x7ffa9a270000 of 64 bytes failed: Only part of a ReadProcessMemory or WriteProcessMemory request was completed. (0x12B)
[0213/002511.375:WARNING:pe_image_reader.cc(302)] could not read dos header from C:\WINDOWS\WinSxS\amd64_microsoft.windows.common-controls_6595b64144ccf1df_6.0.18362.1316_none_9e7a364fe461dbd7\COMCTL32.dll
[0213/002511.375:ERROR:process_reader_win.cc(242)] ReadMemory at 0x7ffa9ccd0000 of 64 bytes failed: Only part of a ReadProcessMemory or WriteProcessMemory request was completed. (0x12B)
[0213/002511.375:WARNING:pe_image_reader.cc(302)] could not read dos header from C:\WINDOWS\SYSTEM32\DWrite.dll
[0213/002511.375:ERROR:process_reader_win.cc(242)] ReadMemory at 0x7ffa96310000 of 64 bytes failed: Only part of a ReadProcessMemory or WriteProcessMemory request was completed. (0x12B)
[0213/002511.375:WARNING:pe_image_reader.cc(302)] could not read dos header from C:\WINDOWS\SYSTEM32\WINSPOOL.DRV
[0213/002511.375:ERROR:process_reader_win.cc(242)] ReadMemory at 0x7ffaac350000 of 64 bytes failed: Only part of a ReadProcessMemory or WriteProcessMemory request was completed. (0x12B)
[0213/002511.375:WARNING:pe_image_reader.cc(302)] could not read dos header from C:\WINDOWS\System32\bcrypt.dll
[0213/002511.375:ERROR:process_reader_win.cc(242)] ReadMemory at 0x7ffaa9c60000 of 64 bytes failed: Only part of a ReadProcessMemory or WriteProcessMemory request was completed. (0x12B)
[0213/002511.375:WARNING:pe_image_reader.cc(302)] could not read dos header from C:\WINDOWS\SYSTEM32\dbghelp.dll
[0213/002511.375:ERROR:process_reader_win.cc(242)] ReadMemory at 0x7ffa9cb30000 of 64 bytes failed: Only part of a ReadProcessMemory or WriteProcessMemory request was completed. (0x12B)
[0213/002511.375:WARNING:pe_image_reader.cc(302)] could not read dos header from C:\WINDOWS\SYSTEM32\USP10.dll
[0213/002511.375:ERROR:process_reader_win.cc(242)] ReadMemory at 0x7ffaaa040000 of 64 bytes failed: Only part of a ReadProcessMemory or WriteProcessMemory request was completed. (0x12B)
[0213/002511.375:WARNING:pe_image_reader.cc(302)] could not read dos header from C:\WINDOWS\SYSTEM32\dxgi.dll
[0213/002511.375:ERROR:process_reader_win.cc(242)] ReadMemory at 0x7ffa9b510000 of 64 bytes failed: Only part of a ReadProcessMemory or WriteProcessMemory request was completed. (0x12B)
[0213/002511.375:WARNING:pe_image_reader.cc(302)] could not read dos header from C:\WINDOWS\SYSTEM32\urlmon.dll
[0213/002511.375:ERROR:process_reader_win.cc(242)] ReadMemory at 0x7ffa9abb0000 of 64 bytes failed: Only part of a ReadProcessMemory or WriteProcessMemory request was completed. (0x12B)
[0213/002511.375:WARNING:pe_image_reader.cc(302)] could not read dos header from C:\WINDOWS\SYSTEM32\Secur32.dll
[0213/002511.375:ERROR:process_reader_win.cc(242)] ReadMemory at 0x7ffa9f3c0000 of 64 bytes failed: Only part of a ReadProcessMemory or WriteProcessMemory request was completed. (0x12B)
[0213/002511.375:WARNING:pe_image_reader.cc(302)] could not read dos header from C:\WINDOWS\SYSTEM32\WINHTTP.dll
[0213/002511.375:ERROR:process_reader_win.cc(242)] ReadMemory at 0x7ffa9fb50000 of 64 bytes failed: Only part of a ReadProcessMemory or WriteProcessMemory request was completed. (0x12B)
[0213/002511.375:WARNING:pe_image_reader.cc(302)] could not read dos header from C:\WINDOWS\SYSTEM32\dhcpcsvc.DLL
[0213/002511.375:ERROR:process_reader_win.cc(242)] ReadMemory at 0x227b0390000 of 64 bytes failed: Only part of a ReadProcessMemory or WriteProcessMemory request was completed. (0x12B)
[0213/002511.375:WARNING:pe_image_reader.cc(302)] could not read dos header from C:\WINDOWS\System32\NSI.dll
[0213/002511.375:ERROR:process_reader_win.cc(242)] ReadMemory at 0x7ffaa7930000 of 64 bytes failed: Only part of a ReadProcessMemory or WriteProcessMemory request was completed. (0x12B)
[0213/002511.375:WARNING:pe_image_reader.cc(302)] could not read dos header from C:\WINDOWS\SYSTEM32\PROPSYS.dll
[0213/002511.375:ERROR:process_reader_win.cc(242)] ReadMemory at 0x7ffa9b8b0000 of 64 bytes failed: Only part of a ReadProcessMemory or WriteProcessMemory request was completed. (0x12B)
[0213/002511.375:WARNING:pe_image_reader.cc(302)] could not read dos header from C:\WINDOWS\SYSTEM32\iertutil.dll
[0213/002511.375:ERROR:process_reader_win.cc(242)] ReadMemory at 0x7ffaa9fb0000 of 64 bytes failed: Only part of a ReadProcessMemory or WriteProcessMemory request was completed. (0x12B)
[0213/002511.375:WARNING:pe_image_reader.cc(302)] could not read dos header from C:\WINDOWS\SYSTEM32\dxcore.dll
[0213/002511.375:ERROR:process_reader_win.cc(242)] ReadMemory at 0x7ffaab250000 of 64 bytes failed: Only part of a ReadProcessMemory or WriteProcessMemory request was completed. (0x12B)
[0213/002511.375:WARNING:pe_image_reader.cc(302)] could not read dos header from C:\WINDOWS\SYSTEM32\SSPICLI.DLL
[0213/002511.724:ERROR:process_reader_win.cc(242)] ReadMemory at 0xbeb4fec000 of 81920 bytes failed: Only part of a ReadProcessMemory or WriteProcessMemory request was completed. (0x12B)
[0213/002511.725:ERROR:process_reader_win.cc(242)] ReadMemory at 0xbeb51fe000 of 8192 bytes failed: Only part of a ReadProcessMemory or WriteProcessMemory request was completed. (0x12B)
[0213/002511.725:ERROR:process_reader_win.cc(242)] ReadMemory at 0xbeb53fd000 of 12288 bytes failed: Only part of a ReadProcessMemory or WriteProcessMemory request was completed. (0x12B)
[0213/002511.725:ERROR:process_reader_win.cc(242)] ReadMemory at 0xbeb55fe000 of 8192 bytes failed: Only part of a ReadProcessMemory or WriteProcessMemory request was completed. (0x12B)
[0213/002511.726:ERROR:process_reader_win.cc(242)] ReadMemory at 0xbeb57fe000 of 8192 bytes failed: Only part of a ReadProcessMemory or WriteProcessMemory request was completed. (0x12B)
[0213/002511.727:ERROR:process_reader_win.cc(242)] ReadMemory at 0xbeb59fe000 of 8192 bytes failed: Only part of a ReadProcessMemory or WriteProcessMemory request was completed. (0x12B)
[0213/002511.727:ERROR:process_reader_win.cc(242)] ReadMemory at 0xbeb5bfd000 of 12288 bytes failed: Only part of a ReadProcessMemory or WriteProcessMemory request was completed. (0x12B)
[0213/002511.727:ERROR:process_reader_win.cc(242)] ReadMemory at 0xbeb5dfe000 of 8192 bytes failed: Only part of a ReadProcessMemory or WriteProcessMemory request was completed. (0x12B)
[0213/002511.727:ERROR:process_reader_win.cc(242)] ReadMemory at 0xbeb5ffe000 of 8192 bytes failed: Only part of a ReadProcessMemory or WriteProcessMemory request was completed. (0x12B)
[0213/002511.727:ERROR:process_reader_win.cc(242)] ReadMemory at 0xbeb61fc000 of 16384 bytes failed: Only part of a ReadProcessMemory or WriteProcessMemory request was completed. (0x12B)
[0213/002511.728:ERROR:process_reader_win.cc(242)] ReadMemory at 0xbeb63ec000 of 81920 bytes failed: Only part of a ReadProcessMemory or WriteProcessMemory request was completed. (0x12B)
[0213/002511.728:ERROR:process_reader_win.cc(242)] ReadMemory at 0xbeb65ec000 of 81920 bytes failed: Only part of a ReadProcessMemory or WriteProcessMemory request was completed. (0x12B)
[0213/002511.728:ERROR:process_reader_win.cc(242)] ReadMemory at 0xbeb67fe000 of 8192 bytes failed: Only part of a ReadProcessMemory or WriteProcessMemory request was completed. (0x12B)
[0213/002511.728:ERROR:process_reader_win.cc(242)] ReadMemory at 0xbeb69fc000 of 16384 bytes failed: Only part of a ReadProcessMemory or WriteProcessMemory request was completed. (0x12B)
[0213/002511.729:ERROR:process_reader_win.cc(242)] ReadMemory at 0xbeb6bfa000 of 24576 bytes failed: Only part of a ReadProcessMemory or WriteProcessMemory request was completed. (0x12B)
[0213/002511.729:ERROR:process_reader_win.cc(242)] ReadMemory at 0xbeb6dfd000 of 12288 bytes failed: Only part of a ReadProcessMemory or WriteProcessMemory request was completed. (0x12B)
[0213/002511.730:ERROR:process_reader_win.cc(242)] ReadMemory at 0xbeb6ffe000 of 8192 bytes failed: Only part of a ReadProcessMemory or WriteProcessMemory request was completed. (0x12B)
[0213/002511.730:ERROR:process_reader_win.cc(242)] ReadMemory at 0xbeb71fe000 of 8192 bytes failed: Only part of a ReadProcessMemory or WriteProcessMemory request was completed. (0x12B)
[0213/002511.730:ERROR:process_reader_win.cc(242)] ReadMemory at 0xbeb4cf9000 of 852 bytes failed: Only part of a ReadProcessMemory or WriteProcessMemory request was completed. (0x12B)
[0213/002511.730:ERROR:process_reader_win.cc(242)] ReadMemory at 0xbeb4cfa000 of 6024 bytes failed: Only part of a ReadProcessMemory or WriteProcessMemory request was completed. (0x12B)
[0213/002511.730:ERROR:process_reader_win.cc(242)] ReadMemory at 0xbeb4cfc000 of 6024 bytes failed: Only part of a ReadProcessMemory or WriteProcessMemory request was completed. (0x12B)
[0213/002511.730:ERROR:process_reader_win.cc(242)] ReadMemory at 0xbeb4cfe000 of 6024 bytes failed: Only part of a ReadProcessMemory or WriteProcessMemory request was completed. (0x12B)
[0213/002511.731:ERROR:process_reader_win.cc(242)] ReadMemory at 0xbeb4d00000 of 6024 bytes failed: Only part of a ReadProcessMemory or WriteProcessMemory request was completed. (0x12B)
[0213/002511.731:ERROR:process_reader_win.cc(242)] ReadMemory at 0xbeb4d02000 of 6024 bytes failed: Only part of a ReadProcessMemory or WriteProcessMemory request was completed. (0x12B)
[0213/002511.731:ERROR:process_reader_win.cc(242)] ReadMemory at 0xbeb4d04000 of 6024 bytes failed: Only part of a ReadProcessMemory or WriteProcessMemory request was completed. (0x12B)
[0213/002511.731:ERROR:process_reader_win.cc(242)] ReadMemory at 0xbeb4d06000 of 6024 bytes failed: Only part of a ReadProcessMemory or WriteProcessMemory request was completed. (0x12B)
[0213/002511.731:ERROR:process_reader_win.cc(242)] ReadMemory at 0xbeb4d08000 of 6024 bytes failed: Only part of a ReadProcessMemory or WriteProcessMemory request was completed. (0x12B)
[0213/002511.731:ERROR:process_reader_win.cc(242)] ReadMemory at 0xbeb4d0a000 of 6024 bytes failed: Only part of a ReadProcessMemory or WriteProcessMemory request was completed. (0x12B)
[0213/002511.731:ERROR:process_reader_win.cc(242)] ReadMemory at 0xbeb4d0c000 of 6024 bytes failed: Only part of a ReadProcessMemory or WriteProcessMemory request was completed. (0x12B)
[0213/002511.731:ERROR:process_reader_win.cc(242)] ReadMemory at 0xbeb4d0e000 of 6024 bytes failed: Only part of a ReadProcessMemory or WriteProcessMemory request was completed. (0x12B)
[0213/002511.731:ERROR:process_reader_win.cc(242)] ReadMemory at 0xbeb4d10000 of 6024 bytes failed: Only part of a ReadProcessMemory or WriteProcessMemory request was completed. (0x12B)
[0213/002511.733:ERROR:process_reader_win.cc(242)] ReadMemory at 0xbeb4d12000 of 6024 bytes failed: Only part of a ReadProcessMemory or WriteProcessMemory request was completed. (0x12B)
[0213/002511.733:ERROR:process_reader_win.cc(242)] ReadMemory at 0xbeb4d14000 of 6024 bytes failed: Only part of a ReadProcessMemory or WriteProcessMemory request was completed. (0x12B)
[0213/002511.733:ERROR:process_reader_win.cc(242)] ReadMemory at 0xbeb4d16000 of 6024 bytes failed: Only part of a ReadProcessMemory or WriteProcessMemory request was completed. (0x12B)
[0213/002511.733:ERROR:process_reader_win.cc(242)] ReadMemory at 0xbeb4d18000 of 6024 bytes failed: Only part of a ReadProcessMemory or WriteProcessMemory request was completed. (0x12B)
[0213/002511.734:ERROR:process_reader_win.cc(242)] ReadMemory at 0xbeb4d1a000 of 6024 bytes failed: Only part of a ReadProcessMemory or WriteProcessMemory request was completed. (0x12B)
[0213/002511.734:ERROR:process_reader_win.cc(242)] ReadMemory at 0xbeb4d1c000 of 6024 bytes failed: Only part of a ReadProcessMemory or WriteProcessMemory request was completed. (0x12B)
[0213/002511.734:ERROR:process_reader_win.cc(242)] ReadMemory at 0x227b01907b0 of 60 bytes failed: Only part of a ReadProcessMemory or WriteProcessMemory request was completed. (0x12B)
[0213/002511.937:ERROR:process_reader_win.cc(242)] ReadMemory at 0x227b0190fe0 of 24666 bytes failed: Only part of a ReadProcessMemory or WriteProcessMemory request was completed. (0x12B)
[0213/002511.937:ERROR:process_reader_win.cc(242)] ReadMemory at 0x227b0197050 of 1012 bytes failed: Only part of a ReadProcessMemory or WriteProcessMemory request was completed. (0x12B)
[0213/002511.937:ERROR:process_reader_win.cc(242)] ReadMemory at 0x227b0197698 of 118 bytes failed: Only part of a ReadProcessMemory or WriteProcessMemory request was completed. (0x12B)
[0213/002511.938:ERROR:process_reader_win.cc(242)] ReadMemory at 0x227b0197710 of 1220 bytes failed: Only part of a ReadProcessMemory or WriteProcessMemory request was completed. (0x12B)
[0213/002511.938:ERROR:process_reader_win.cc(242)] ReadMemory at 0x227b0197bd6 of 118 bytes failed: Only part of a ReadProcessMemory or WriteProcessMemory request was completed. (0x12B)
[0213/002511.938:ERROR:process_reader_win.cc(242)] ReadMemory at 0x227b0197c4e of 100 bytes failed: Only part of a ReadProcessMemory or WriteProcessMemory request was completed. (0x12B)
[0213/002511.938:ERROR:process_reader_win.cc(242)] ReadMemory at 0x227b0197cc0 of 58 bytes failed: Only part of a ReadProcessMemory or WriteProcessMemory request was completed. (0x12B)
[0213/002511.938:ERROR:process_reader_win.cc(242)] ReadMemory at 0x227b0197dc0 of 132 bytes failed: Only part of a ReadProcessMemory or WriteProcessMemory request was completed. (0x12B)
[0213/002511.938:ERROR:process_reader_win.cc(242)] ReadMemory at 0x227b0197f50 of 132 bytes failed: Only part of a ReadProcessMemory or WriteProcessMemory request was completed. (0x12B)
[0213/002511.939:ERROR:process_reader_win.cc(242)] ReadMemory at 0x227b0198110 of 126 bytes failed: Only part of a ReadProcessMemory or WriteProcessMemory request was completed. (0x12B)
[0213/002511.939:ERROR:process_reader_win.cc(242)] ReadMemory at 0x227b01984f0 of 132 bytes failed: Only part of a ReadProcessMemory or WriteProcessMemory request was completed. (0x12B)
[0213/002511.939:ERROR:process_reader_win.cc(242)] ReadMemory at 0x227b0198680 of 64 bytes failed: Only part of a ReadProcessMemory or WriteProcessMemory request was completed. (0x12B)
[0213/002511.939:ERROR:process_reader_win.cc(242)] ReadMemory at 0x227b0198ae0 of 132 bytes failed: Only part of a ReadProcessMemory or WriteProcessMemory request was completed. (0x12B)
[0213/002511.939:ERROR:process_reader_win.cc(242)] ReadMemory at 0x227b0198c70 of 68 bytes failed: Only part of a ReadProcessMemory or WriteProcessMemory request was completed. (0x12B)
[0213/002511.939:ERROR:process_reader_win.cc(242)] ReadMemory at 0x227b0199e50 of 132 bytes failed: Only part of a ReadProcessMemory or WriteProcessMemory request was completed. (0x12B)
[0213/002511.940:ERROR:process_reader_win.cc(242)] ReadMemory at 0x227b0199f80 of 62 bytes failed: Only part of a ReadProcessMemory or WriteProcessMemory request was completed. (0x12B)
[0213/002511.940:ERROR:process_reader_win.cc(242)] ReadMemory at 0x227b019cf90 of 132 bytes failed: Only part of a ReadProcessMemory or WriteProcessMemory request was completed. (0x12B)
[0213/002511.940:ERROR:process_reader_win.cc(242)] ReadMemory at 0x227b019d1d0 of 132 bytes failed: Only part of a ReadProcessMemory or WriteProcessMemory request was completed. (0x12B)
[0213/002511.940:ERROR:process_reader_win.cc(242)] ReadMemory at 0x227b019d360 of 62 bytes failed: Only part of a ReadProcessMemory or WriteProcessMemory request was completed. (0x12B)
[0213/002511.940:ERROR:process_reader_win.cc(242)] ReadMemory at 0x227b019eb30 of 132 bytes failed: Only part of a ReadProcessMemory or WriteProcessMemory request was completed. (0x12B)
[0213/002511.940:ERROR:process_reader_win.cc(242)] ReadMemory at 0x227b019ecc0 of 64 bytes failed: Only part of a ReadProcessMemory or WriteProcessMemory request was completed. (0x12B)
[0213/002511.940:ERROR:process_reader_win.cc(242)] ReadMemory at 0x227b019ed10 of 158 bytes failed: Only part of a ReadProcessMemory or WriteProcessMemory request was completed. (0x12B)
[0213/002511.940:ERROR:process_reader_win.cc(242)] ReadMemory at 0x227b019ef20 of 132 bytes failed: Only part of a ReadProcessMemory or WriteProcessMemory request was completed. (0x12B)
[0213/002511.940:ERROR:process_reader_win.cc(242)] ReadMemory at 0x227b019f0b0 of 64 bytes failed: Only part of a ReadProcessMemory or WriteProcessMemory request was completed. (0x12B)
[0213/002511.940:ERROR:process_reader_win.cc(242)] ReadMemory at 0x227b01a1820 of 132 bytes failed: Only part of a ReadProcessMemory or WriteProcessMemory request was completed. (0x12B)
[0213/002511.940:ERROR:process_reader_win.cc(242)] ReadMemory at 0x227b01a1bb0 of 132 bytes failed: Only part of a ReadProcessMemory or WriteProcessMemory request was completed. (0x12B)
[0213/002511.940:ERROR:process_reader_win.cc(242)] ReadMemory at 0x227b01a1d40 of 60 bytes failed: Only part of a ReadProcessMemory or WriteProcessMemory request was completed. (0x12B)
[0213/002511.940:ERROR:process_reader_win.cc(242)] ReadMemory at 0x227b01a1f30 of 132 bytes failed: Only part of a ReadProcessMemory or WriteProcessMemory request was completed. (0x12B)
[0213/002511.940:ERROR:process_reader_win.cc(242)] ReadMemory at 0x227b01a20b0 of 78 bytes failed: Only part of a ReadProcessMemory or WriteProcessMemory request was completed. (0x12B)
[0213/002511.940:ERROR:process_reader_win.cc(242)] ReadMemory at 0x227b01a2470 of 80 bytes failed: Only part of a ReadProcessMemory or WriteProcessMemory request was completed. (0x12B)
[0213/002511.940:ERROR:process_reader_win.cc(242)] ReadMemory at 0x227b01a2770 of 76 bytes failed: Only part of a ReadProcessMemory or WriteProcessMemory request was completed. (0x12B)
[0213/002511.940:ERROR:process_reader_win.cc(242)] ReadMemory at 0x227b01a2c70 of 60 bytes failed: Only part of a ReadProcessMemory or WriteProcessMemory request was completed. (0x12B)
[0213/002511.940:ERROR:process_reader_win.cc(242)] ReadMemory at 0x227b01a2eb0 of 132 bytes failed: Only part of a ReadProcessMemory or WriteProcessMemory request was completed. (0x12B)
[0213/002511.940:ERROR:process_reader_win.cc(242)] ReadMemory at 0x227b01a2fe0 of 62 bytes failed: Only part of a ReadProcessMemory or WriteProcessMemory request was completed. (0x12B)
[0213/002511.940:ERROR:process_reader_win.cc(242)] ReadMemory at 0x227b01a3370 of 132 bytes failed: Only part of a ReadProcessMemory or WriteProcessMemory request was completed. (0x12B)
[0213/002511.940:ERROR:process_reader_win.cc(242)] ReadMemory at 0x227b01a3670 of 132 bytes failed: Only part of a ReadProcessMemory or WriteProcessMemory request was completed. (0x12B)
[0213/002511.940:ERROR:process_reader_win.cc(242)] ReadMemory at 0x227b01a3fb0 of 132 bytes failed: Only part of a ReadProcessMemory or WriteProcessMemory request was completed. (0x12B)
[0213/002511.940:ERROR:process_reader_win.cc(242)] ReadMemory at 0x227b01a40e0 of 66 bytes failed: Only part of a ReadProcessMemory or WriteProcessMemory request was completed. (0x12B)
[0213/002511.940:ERROR:process_reader_win.cc(242)] ReadMemory at 0x227b01a4320 of 132 bytes failed: Only part of a ReadProcessMemory or WriteProcessMemory request was completed. (0x12B)
[0213/002511.940:ERROR:process_reader_win.cc(242)] ReadMemory at 0x227b01a4540 of 66 bytes failed: Only part of a ReadProcessMemory or WriteProcessMemory request was completed. (0x12B)
[0213/002511.940:ERROR:process_reader_win.cc(242)] ReadMemory at 0x227b01a4680 of 60 bytes failed: Only part of a ReadProcessMemory or WriteProcessMemory request was completed. (0x12B)
[0213/002511.940:ERROR:process_reader_win.cc(242)] ReadMemory at 0x227b01a4720 of 64 bytes failed: Only part of a ReadProcessMemory or WriteProcessMemory request was completed. (0x12B)
[0213/002511.940:ERROR:process_reader_win.cc(242)] ReadMemory at 0x227b01a47c0 of 62 bytes failed: Only part of a ReadProcessMemory or WriteProcessMemory request was completed. (0x12B)
[0213/002511.940:ERROR:process_reader_win.cc(242)] ReadMemory at 0x227b01a4810 of 62 bytes failed: Only part of a ReadProcessMemory or WriteProcessMemory request was completed. (0x12B)
[0213/002511.940:ERROR:process_reader_win.cc(242)] ReadMemory at 0x227b01a4860 of 58 bytes failed: Only part of a ReadProcessMemory or WriteProcessMemory request was completed. (0x12B)
[0213/002511.940:ERROR:process_reader_win.cc(242)] ReadMemory at 0x227b01a4900 of 58 bytes failed: Only part of a ReadProcessMemory or WriteProcessMemory request was completed. (0x12B)
[0213/002511.940:ERROR:process_reader_win.cc(242)] ReadMemory at 0x227b01a4950 of 62 bytes failed: Only part of a ReadProcessMemory or WriteProcessMemory request was completed. (0x12B)
[0213/002511.940:ERROR:process_reader_win.cc(242)] ReadMemory at 0x227b01a49a0 of 62 bytes failed: Only part of a ReadProcessMemory or WriteProcessMemory request was completed. (0x12B)
[0213/002511.944:ERROR:process_reader_win.cc(242)] ReadMemory at 0x227b01a49f0 of 62 bytes failed: Only part of a ReadProcessMemory or WriteProcessMemory request was completed. (0x12B)
[0213/002511.944:ERROR:process_reader_win.cc(242)] ReadMemory at 0x227b01a4a40 of 64 bytes failed: Only part of a ReadProcessMemory or WriteProcessMemory request was completed. (0x12B)
[0213/002511.944:ERROR:process_reader_win.cc(242)] ReadMemory at 0x227b01a4a90 of 58 bytes failed: Only part of a ReadProcessMemory or WriteProcessMemory request was completed. (0x12B)
[0213/002511.944:ERROR:process_reader_win.cc(242)] ReadMemory at 0x227b01a4ae0 of 62 bytes failed: Only part of a ReadProcessMemory or WriteProcessMemory request was completed. (0x12B)
[0213/002511.944:ERROR:process_reader_win.cc(242)] ReadMemory at 0x227b01a4b30 of 58 bytes failed: Only part of a ReadProcessMemory or WriteProcessMemory request was completed. (0x12B)
[0213/002511.944:ERROR:process_reader_win.cc(242)] ReadMemory at 0x227b01a4b80 of 60 bytes failed: Only part of a ReadProcessMemory or WriteProcessMemory request was completed. (0x12B)
[0213/002511.944:ERROR:process_reader_win.cc(242)] ReadMemory at 0x227b01a5dc0 of 132 bytes failed: Only part of a ReadProcessMemory or WriteProcessMemory request was completed. (0x12B)
[0213/002511.944:ERROR:process_reader_win.cc(242)] ReadMemory at 0x227b01a5ef0 of 132 bytes failed: Only part of a ReadProcessMemory or WriteProcessMemory request was completed. (0x12B)
[0213/002511.944:ERROR:process_reader_win.cc(242)] ReadMemory at 0x227b01a6020 of 132 bytes failed: Only part of a ReadProcessMemory or WriteProcessMemory request was completed. (0x12B)
[0213/002511.944:ERROR:process_reader_win.cc(242)] ReadMemory at 0x227b01a6150 of 132 bytes failed: Only part of a ReadProcessMemory or WriteProcessMemory request was completed. (0x12B)
[0213/002511.944:ERROR:process_reader_win.cc(242)] ReadMemory at 0x227b01a6280 of 132 bytes failed: Only part of a ReadProcessMemory or WriteProcessMemory request was completed. (0x12B)
[0213/002511.946:ERROR:process_reader_win.cc(242)] ReadMemory at 0x227b01a63b0 of 132 bytes failed: Only part of a ReadProcessMemory or WriteProcessMemory request was completed. (0x12B)
[0213/002511.946:ERROR:process_reader_win.cc(242)] ReadMemory at 0x227b01a64e0 of 132 bytes failed: Only part of a ReadProcessMemory or WriteProcessMemory request was completed. (0x12B)
[0213/002511.946:ERROR:process_reader_win.cc(242)] ReadMemory at 0x227b01a6610 of 132 bytes failed: Only part of a ReadProcessMemory or WriteProcessMemory request was completed. (0x12B)
[0213/002511.946:ERROR:process_reader_win.cc(242)] ReadMemory at 0x227b01a6740 of 132 bytes failed: Only part of a ReadProcessMemory or WriteProcessMemory request was completed. (0x12B)
[0213/002511.946:ERROR:process_reader_win.cc(242)] ReadMemory at 0x227b01a6870 of 132 bytes failed: Only part of a ReadProcessMemory or WriteProcessMemory request was completed. (0x12B)
[0213/002511.947:ERROR:process_reader_win.cc(242)] ReadMemory at 0x227b01a69a0 of 132 bytes failed: Only part of a ReadProcessMemory or WriteProcessMemory request was completed. (0x12B)
[0213/002511.947:ERROR:process_reader_win.cc(242)] ReadMemory at 0x227b01a6ad0 of 132 bytes failed: Only part of a ReadProcessMemory or WriteProcessMemory request was completed. (0x12B)
[0213/002511.947:ERROR:process_reader_win.cc(242)] ReadMemory at 0x227b01a6c00 of 132 bytes failed: Only part of a ReadProcessMemory or WriteProcessMemory request was completed. (0x12B)
[0213/002511.947:ERROR:process_reader_win.cc(242)] ReadMemory at 0x227b01a9620 of 132 bytes failed: Only part of a ReadProcessMemory or WriteProcessMemory request was completed. (0x12B)
[0213/002511.947:ERROR:process_reader_win.cc(242)] ReadMemory at 0x227b01a9750 of 132 bytes failed: Only part of a ReadProcessMemory or WriteProcessMemory request was completed. (0x12B)
[0213/002511.947:ERROR:process_reader_win.cc(242)] ReadMemory at 0x227b01a9880 of 132 bytes failed: Only part of a ReadProcessMemory or WriteProcessMemory request was completed. (0x12B)
[0213/002511.947:ERROR:process_reader_win.cc(242)] ReadMemory at 0x227b01a99b0 of 132 bytes failed: Only part of a ReadProcessMemory or WriteProcessMemory request was completed. (0x12B)
[0213/002511.947:ERROR:process_reader_win.cc(242)] ReadMemory at 0x227b01a9ae0 of 132 bytes failed: Only part of a ReadProcessMemory or WriteProcessMemory request was completed. (0x12B)
[0213/002511.947:ERROR:process_reader_win.cc(242)] ReadMemory at 0x227b01a9c10 of 132 bytes failed: Only part of a ReadProcessMemory or WriteProcessMemory request was completed. (0x12B)
[0213/002511.947:ERROR:process_reader_win.cc(242)] ReadMemory at 0x227b01a9d40 of 132 bytes failed: Only part of a ReadProcessMemory or WriteProcessMemory request was completed. (0x12B)
[0213/002511.947:ERROR:process_reader_win.cc(242)] ReadMemory at 0x227b01a9e70 of 132 bytes failed: Only part of a ReadProcessMemory or WriteProcessMemory request was completed. (0x12B)
[0213/002511.947:ERROR:process_reader_win.cc(242)] ReadMemory at 0x227b01a9fa0 of 132 bytes failed: Only part of a ReadProcessMemory or WriteProcessMemory request was completed. (0x12B)
[0213/002511.947:ERROR:process_reader_win.cc(242)] ReadMemory at 0x227b01aa0d0 of 132 bytes failed: Only part of a ReadProcessMemory or WriteProcessMemory request was completed. (0x12B)
[0213/002511.947:ERROR:process_reader_win.cc(242)] ReadMemory at 0x227b01aa200 of 132 bytes failed: Only part of a ReadProcessMemory or WriteProcessMemory request was completed. (0x12B)
[0213/002511.947:ERROR:process_reader_win.cc(242)] ReadMemory at 0x227b01aa330 of 132 bytes failed: Only part of a ReadProcessMemory or WriteProcessMemory request was completed. (0x12B)
[0213/002511.947:ERROR:process_reader_win.cc(242)] ReadMemory at 0x227b01aa460 of 132 bytes failed: Only part of a ReadProcessMemory or WriteProcessMemory request was completed. (0x12B)
[0213/002511.947:ERROR:process_reader_win.cc(242)] ReadMemory at 0x227b01aa590 of 132 bytes failed: Only part of a ReadProcessMemory or WriteProcessMemory request was completed. (0x12B)
[0213/002511.947:ERROR:process_reader_win.cc(242)] ReadMemory at 0x227b01aa6c0 of 132 bytes failed: Only part of a ReadProcessMemory or WriteProcessMemory request was completed. (0x12B)
[0213/002511.947:ERROR:process_reader_win.cc(242)] ReadMemory at 0x227b01aa7f0 of 132 bytes failed: Only part of a ReadProcessMemory or WriteProcessMemory request was completed. (0x12B)
[0213/002511.947:ERROR:process_reader_win.cc(242)] ReadMemory at 0x227b01aa920 of 132 bytes failed: Only part of a ReadProcessMemory or WriteProcessMemory request was completed. (0x12B)
[0213/002511.947:ERROR:process_reader_win.cc(242)] ReadMemory at 0x227b01aab80 of 132 bytes failed: Only part of a ReadProcessMemory or WriteProcessMemory request was completed. (0x12B)
[0213/002511.947:ERROR:process_reader_win.cc(242)] ReadMemory at 0x227b01aacb0 of 132 bytes failed: Only part of a ReadProcessMemory or WriteProcessMemory request was completed. (0x12B)
[0213/002511.947:ERROR:process_reader_win.cc(242)] ReadMemory at 0x227b01aade0 of 132 bytes failed: Only part of a ReadProcessMemory or WriteProcessMemory request was completed. (0x12B)
[0213/002511.951:ERROR:process_reader_win.cc(242)] ReadMemory at 0x227b01aaf10 of 132 bytes failed: Only part of a ReadProcessMemory or WriteProcessMemory request was completed. (0x12B)
[0213/002511.951:ERROR:process_reader_win.cc(242)] ReadMemory at 0x227b01ab040 of 132 bytes failed: Only part of a ReadProcessMemory or WriteProcessMemory request was completed. (0x12B)
[0213/002511.951:ERROR:process_reader_win.cc(242)] ReadMemory at 0x227b01ab170 of 132 bytes failed: Only part of a ReadProcessMemory or WriteProcessMemory request was completed. (0x12B)
[0213/002511.951:ERROR:process_reader_win.cc(242)] ReadMemory at 0x227b01ab2a0 of 132 bytes failed: Only part of a ReadProcessMemory or WriteProcessMemory request was completed. (0x12B)
[0213/002511.951:ERROR:process_reader_win.cc(242)] ReadMemory at 0x227b01ab3d0 of 132 bytes failed: Only part of a ReadProcessMemory or WriteProcessMemory request was completed. (0x12B)
[0213/002511.951:ERROR:process_reader_win.cc(242)] ReadMemory at 0x227b01ab6c0 of 154 bytes failed: Only part of a ReadProcessMemory or WriteProcessMemory request was completed. (0x12B)
[0213/002511.951:ERROR:process_reader_win.cc(242)] ReadMemory at 0x227b01aecb0 of 66 bytes failed: Only part of a ReadProcessMemory or WriteProcessMemory request was completed. (0x12B)
[0213/002511.951:ERROR:process_reader_win.cc(242)] ReadMemory at 0x227b01af480 of 66 bytes failed: Only part of a ReadProcessMemory or WriteProcessMemory request was completed. (0x12B)
[0213/002511.951:ERROR:process_reader_win.cc(242)] ReadMemory at 0x227b01af660 of 58 bytes failed: Only part of a ReadProcessMemory or WriteProcessMemory request was completed. (0x12B)
[0213/002511.951:ERROR:process_reader_win.cc(242)] ReadMemory at 0x227b01bc970 of 54 bytes failed: Only part of a ReadProcessMemory or WriteProcessMemory request was completed. (0x12B)
[0213/002511.951:ERROR:process_reader_win.cc(242)] ReadMemory at 0x227b01bed10 of 64 bytes failed: Only part of a ReadProcessMemory or WriteProcessMemory request was completed. (0x12B)
[0213/002511.951:ERROR:process_reader_win.cc(242)] ReadMemory at 0x227b01bedb0 of 62 bytes failed: Only part of a ReadProcessMemory or WriteProcessMemory request was completed. (0x12B)
[0213/002511.951:ERROR:process_reader_win.cc(242)] ReadMemory at 0x227b01bee00 of 60 bytes failed: Only part of a ReadProcessMemory or WriteProcessMemory request was completed. (0x12B)
[0213/002511.951:ERROR:process_reader_win.cc(242)] ReadMemory at 0x227b01bee50 of 56 bytes failed: Only part of a ReadProcessMemory or WriteProcessMemory request was completed. (0x12B)
[0213/002511.953:ERROR:process_reader_win.cc(242)] ReadMemory at 0x227b01beea0 of 60 bytes failed: Only part of a ReadProcessMemory or WriteProcessMemory request was completed. (0x12B)
[0213/002511.953:ERROR:process_reader_win.cc(242)] ReadMemory at 0x227b01beef0 of 62 bytes failed: Only part of a ReadProcessMemory or WriteProcessMemory request was completed. (0x12B)
[0213/002511.953:ERROR:process_reader_win.cc(242)] ReadMemory at 0x227b01bef40 of 64 bytes failed: Only part of a ReadProcessMemory or WriteProcessMemory request was completed. (0x12B)
[0213/002511.953:ERROR:process_reader_win.cc(242)] ReadMemory at 0x227b01befe0 of 64 bytes failed: Only part of a ReadProcessMemory or WriteProcessMemory request was completed. (0x12B)
[0213/002511.953:ERROR:process_reader_win.cc(242)] ReadMemory at 0x227b01bf0d0 of 62 bytes failed: Only part of a ReadProcessMemory or WriteProcessMemory request was completed. (0x12B)
[0213/002511.953:ERROR:process_reader_win.cc(242)] ReadMemory at 0x227b01bf170 of 60 bytes failed: Only part of a ReadProcessMemory or WriteProcessMemory request was completed. (0x12B)
[0213/002511.954:ERROR:process_reader_win.cc(242)] ReadMemory at 0x227b01bf2b0 of 62 bytes failed: Only part of a ReadProcessMemory or WriteProcessMemory request was completed. (0x12B)
[0213/002511.954:ERROR:process_reader_win.cc(242)] ReadMemory at 0x227b01bf350 of 58 bytes failed: Only part of a ReadProcessMemory or WriteProcessMemory request was completed. (0x12B)
[0213/002511.954:ERROR:process_reader_win.cc(242)] ReadMemory at 0x227b01bf530 of 58 bytes failed: Only part of a ReadProcessMemory or WriteProcessMemory request was completed. (0x12B)
[0213/002511.954:ERROR:process_reader_win.cc(242)] ReadMemory at 0x227b01bf5d0 of 64 bytes failed: Only part of a ReadProcessMemory or WriteProcessMemory request was completed. (0x12B)
[0213/002511.954:ERROR:process_reader_win.cc(242)] ReadMemory at 0x227b01bf620 of 58 bytes failed: Only part of a ReadProcessMemory or WriteProcessMemory request was completed. (0x12B)
[0213/002511.954:ERROR:process_reader_win.cc(242)] ReadMemory at 0x227b01bf760 of 64 bytes failed: Only part of a ReadProcessMemory or WriteProcessMemory request was completed. (0x12B)
[0213/002511.954:ERROR:process_reader_win.cc(242)] ReadMemory at 0x227b01bf8a0 of 60 bytes failed: Only part of a ReadProcessMemory or WriteProcessMemory request was completed. (0x12B)
[0213/002511.954:ERROR:process_reader_win.cc(242)] ReadMemory at 0x227b01bf9e0 of 64 bytes failed: Only part of a ReadProcessMemory or WriteProcessMemory request was completed. (0x12B)
[0213/002511.954:ERROR:process_reader_win.cc(242)] ReadMemory at 0x227b01bfa30 of 62 bytes failed: Only part of a ReadProcessMemory or WriteProcessMemory request was completed. (0x12B)
[0213/002511.954:ERROR:process_reader_win.cc(242)] ReadMemory at 0x227b01bfb70 of 60 bytes failed: Only part of a ReadProcessMemory or WriteProcessMemory request was completed. (0x12B)
[0213/002511.954:ERROR:process_reader_win.cc(242)] ReadMemory at 0x227b01bfbc0 of 60 bytes failed: Only part of a ReadProcessMemory or WriteProcessMemory request was completed. (0x12B)
[0213/002511.954:ERROR:process_reader_win.cc(242)] ReadMemory at 0x227b01bfc10 of 64 bytes failed: Only part of a ReadProcessMemory or WriteProcessMemory request was completed. (0x12B)
[0213/002511.954:ERROR:process_reader_win.cc(242)] ReadMemory at 0x227b01bfc60 of 62 bytes failed: Only part of a ReadProcessMemory or WriteProcessMemory request was completed. (0x12B)
[0213/002511.954:ERROR:process_reader_win.cc(242)] ReadMemory at 0x227b01bfd20 of 248 bytes failed: Only part of a ReadProcessMemory or WriteProcessMemory request was completed. (0x12B)
[0213/002511.954:ERROR:process_reader_win.cc(242)] ReadMemory at 0x227b01c4b10 of 512 bytes failed: Only part of a ReadProcessMemory or WriteProcessMemory request was completed. (0x12B)
[0213/002511.954:ERROR:process_reader_win.cc(242)] ReadMemory at 0x227b01c5510 of 132 bytes failed: Only part of a ReadProcessMemory or WriteProcessMemory request was completed. (0x12B)
[0213/002511.954:ERROR:process_reader_win.cc(242)] ReadMemory at 0x227b01c5640 of 132 bytes failed: Only part of a ReadProcessMemory or WriteProcessMemory request was completed. (0x12B)
[0213/002511.954:ERROR:process_reader_win.cc(242)] ReadMemory at 0x227b01c58a0 of 132 bytes failed: Only part of a ReadProcessMemory or WriteProcessMemory request was completed. (0x12B)
[0213/002511.954:ERROR:process_reader_win.cc(242)] ReadMemory at 0x227b01c5b00 of 132 bytes failed: Only part of a ReadProcessMemory or WriteProcessMemory request was completed. (0x12B)
[0213/002511.954:ERROR:process_reader_win.cc(242)] ReadMemory at 0x227b01c5c30 of 132 bytes failed: Only part of a ReadProcessMemory or WriteProcessMemory request was completed. (0x12B)
[0213/002511.954:ERROR:process_reader_win.cc(242)] ReadMemory at 0x227b01c5e90 of 132 bytes failed: Only part of a ReadProcessMemory or WriteProcessMemory request was completed. (0x12B)
[0213/002511.954:ERROR:process_reader_win.cc(242)] ReadMemory at 0x227b01d96b0 of 512 bytes failed: Only part of a ReadProcessMemory or WriteProcessMemory request was completed. (0x12B)
[0213/002511.954:ERROR:process_reader_win.cc(242)] ReadMemory at 0x227b0406e80 of 512 bytes failed: Only part of a ReadProcessMemory or WriteProcessMemory request was completed. (0x12B)
[0213/002511.954:ERROR:process_reader_win.cc(242)] ReadMemory at 0x227b0441960 of 688 bytes failed: Only part of a ReadProcessMemory or WriteProcessMemory request was completed. (0x12B)
[0213/002511.954:ERROR:process_reader_win.cc(242)] ReadMemory at 0x227b04504e8 of 512 bytes failed: Only part of a ReadProcessMemory or WriteProcessMemory request was completed. (0x12B)
[0213/002511.954:ERROR:process_reader_win.cc(242)] ReadMemory at 0x227b049e0a0 of 520 bytes failed: Only part of a ReadProcessMemory or WriteProcessMemory request was completed. (0x12B)
[0213/002511.954:ERROR:process_reader_win.cc(242)] ReadMemory at 0x227b04d9f28 of 512 bytes failed: Only part of a ReadProcessMemory or WriteProcessMemory request was completed. (0x12B)
[0213/002511.954:ERROR:process_reader_win.cc(242)] ReadMemory at 0x227b04da528 of 512 bytes failed: Only part of a ReadProcessMemory or WriteProcessMemory request was completed. (0x12B)
[0213/002511.958:ERROR:process_reader_win.cc(242)] ReadMemory at 0x227b04de200 of 512 bytes failed: Only part of a ReadProcessMemory or WriteProcessMemory request was completed. (0x12B)
[0213/002511.958:ERROR:process_reader_win.cc(242)] ReadMemory at 0x227b2660000 of 384 bytes failed: Only part of a ReadProcessMemory or WriteProcessMemory request was completed. (0x12B)
[0213/002511.958:ERROR:process_reader_win.cc(242)] ReadMemory at 0x227b2685dc0 of 512 bytes failed: Only part of a ReadProcessMemory or WriteProcessMemory request was completed. (0x12B)
[0213/002511.958:ERROR:process_reader_win.cc(242)] ReadMemory at 0x227b26c61c8 of 512 bytes failed: Only part of a ReadProcessMemory or WriteProcessMemory request was completed. (0x12B)
[0213/002511.958:ERROR:process_reader_win.cc(242)] ReadMemory at 0x227b28253e8 of 512 bytes failed: Only part of a ReadProcessMemory or WriteProcessMemory request was completed. (0x12B)
[0213/002511.959:ERROR:process_reader_win.cc(242)] ReadMemory at 0x227b38f3088 of 512 bytes failed: Only part of a ReadProcessMemory or WriteProcessMemory request was completed. (0x12B)
[0213/002511.959:ERROR:process_reader_win.cc(242)] ReadMemory at 0x227b38f65e0 of 512 bytes failed: Only part of a ReadProcessMemory or WriteProcessMemory request was completed. (0x12B)
[0213/002511.959:ERROR:process_reader_win.cc(242)] ReadMemory at 0x227b9b638e0 of 512 bytes failed: Only part of a ReadProcessMemory or WriteProcessMemory request was completed. (0x12B)
[0213/002511.959:ERROR:process_reader_win.cc(242)] ReadMemory at 0x227b9b63f40 of 512 bytes failed: Only part of a ReadProcessMemory or WriteProcessMemory request was completed. (0x12B)
[0213/002511.960:ERROR:process_reader_win.cc(242)] ReadMemory at 0x19068cd00000 of 384 bytes failed: Only part of a ReadProcessMemory or WriteProcessMemory request was completed. (0x12B)
[0213/002511.960:ERROR:process_reader_win.cc(242)] ReadMemory at 0x19068cd4e098 of 513 bytes failed: Only part of a ReadProcessMemory or WriteProcessMemory request was completed. (0x12B)
[0213/002511.960:ERROR:process_reader_win.cc(242)] ReadMemory at 0x7ffa54951b60 of 512 bytes failed: Only part of a ReadProcessMemory or WriteProcessMemory request was completed. (0x12B)
[0213/002511.961:ERROR:process_reader_win.cc(242)] ReadMemory at 0x7ffa555f2df1 of 512 bytes failed: Only part of a ReadProcessMemory or WriteProcessMemory request was completed. (0x12B)
[0213/002511.961:ERROR:process_reader_win.cc(242)] ReadMemory at 0x7ffa583747f0 of 512 bytes failed: Only part of a ReadProcessMemory or WriteProcessMemory request was completed. (0x12B)
[0213/002511.961:ERROR:process_reader_win.cc(242)] ReadMemory at 0x7ffa58d36860 of 512 bytes failed: Only part of a ReadProcessMemory or WriteProcessMemory request was completed. (0x12B)
[0213/002511.961:ERROR:process_reader_win.cc(242)] ReadMemory at 0x7ffa7a4ee9d8 of 512 bytes failed: Only part of a ReadProcessMemory or WriteProcessMemory request was completed. (0x12B)
[0213/002511.961:ERROR:process_reader_win.cc(242)] ReadMemory at 0x7ffa7a4efa9b of 512 bytes failed: Only part of a ReadProcessMemory or WriteProcessMemory request was completed. (0x12B)
[0213/002511.962:ERROR:process_reader_win.cc(242)] ReadMemory at 0x7ffaae4f5bb0 of 512 bytes failed: Only part of a ReadProcessMemory or WriteProcessMemory request was completed. (0x12B)
[0213/002511.962:ERROR:process_reader_win.cc(242)] ReadMemory at 0x7ffaae55c6f4 of 672 bytes failed: Only part of a ReadProcessMemory or WriteProcessMemory request was completed. (0x12B)
[0213/002511.962:ERROR:process_reader_win.cc(242)] ReadMemory at 0x7ffaae55ffa4 of 608 bytes failed: Only part of a ReadProcessMemory or WriteProcessMemory request was completed. (0x12B)
[0213/002511.963:ERROR:process_reader_win.cc(242)] ReadMemory at 0x7ffaae5ec428 of 18 bytes failed: Only part of a ReadProcessMemory or WriteProcessMemory request was completed. (0x12B)
[0213/002511.963:ERROR:process_reader_win.cc(242)] ReadMemory at 0x7ffaae61f4f8 of 40 bytes failed: Only part of a ReadProcessMemory or WriteProcessMemory request was completed. (0x12B)
[0213/002511.963:ERROR:process_reader_win.cc(242)] ReadMemory at 0x7ffaae61f978 of 48 bytes failed: Only part of a ReadProcessMemory or WriteProcessMemory request was completed. (0x12B)
[0213/002511.963:ERROR:process_reader_win.cc(242)] ReadMemory at 0x7ffaae6253c0 of 64 bytes failed: Only part of a ReadProcessMemory or WriteProcessMemory request was completed. (0x12B)
[0213/002512.003:ERROR:scoped_process_suspend.cc(40)] NtResumeProcess: An attempt was made to access an exiting process. (0xc000010a)
